188  [main] INFO  com.pnt.LogbackProject.LogbackTest - info
188  [main] WARN  com.pnt.LogbackProject.LogbackTest - warn
188  [main] ERROR com.pnt.LogbackProject.LogbackTest - error
141  [main] INFO  com.pnt.LogbackProject.LogbackTest - info
156  [main] WARN  com.pnt.LogbackProject.LogbackTest - warn
156  [main] ERROR com.pnt.LogbackProject.LogbackTest - error
150  [main] INFO  com.pnt.LogbackProject.LogbackTest - info
153  [main] WARN  com.pnt.LogbackProject.LogbackTest - warn
153  [main] ERROR com.pnt.LogbackProject.LogbackTest - error
1063 [main] INFO  com.pnt.LogbackProject.LogbackTest - info
1078 [main] WARN  com.pnt.LogbackProject.LogbackTest - warn
1078 [main] ERROR com.pnt.LogbackProject.LogbackTest - error
156  [main] INFO  com.pnt.LogbackProject.LogbackTest - info
156  [main] WARN  com.pnt.LogbackProject.LogbackTest - warn
156  [main] ERROR com.pnt.LogbackProject.LogbackTest - error
156  [main] INFO  com.pnt.LogbackProject.LogbackTest - info
156  [main] WARN  com.pnt.LogbackProject.LogbackTest - warn
156  [main] ERROR com.pnt.LogbackProject.LogbackTest - error
140  [main] INFO  com.pnt.LogbackProject.LogbackTest - info
140  [main] WARN  com.pnt.LogbackProject.LogbackTest - warn
140  [main] ERROR com.pnt.LogbackProject.LogbackTest - error
